<?xml version="1.0" encoding="UTF-8"?>
<!-- Generated by org.testng.reporters.JUnitReportReporter -->
<testsuite hostname="DESKTOP-MAPJBAS" failures="0" tests="1" name="restAssuredChaining.UpdateUser" time="1.240" errors="0" timestamp="2024-08-31T11:30:24 IST" skipped="0">
  <testcase classname="restAssuredChaining.UpdateUser" name="updateUser" time="1.240"/>
</testsuite> <!-- restAssuredChaining.UpdateUser -->
