<?xml version="1.0" encoding="UTF-8"?>
<!-- Generated by org.testng.reporters.JUnitReportReporter -->
<testsuite hostname="DESKTOP-MAPJBAS" failures="0" tests="1" name="restAssuredChaining.GetUser" time="0.561" errors="0" timestamp="2024-08-16T18:57:39 IST" skipped="0">
  <testcase classname="restAssuredChaining.GetUser" name="getUser" time="0.561"/>
</testsuite> <!-- restAssuredChaining.GetUser -->
