<?xml version="1.0" encoding="UTF-8"?>
<!-- Generated by org.testng.reporters.JUnitReportReporter -->
<testsuite hostname="DESKTOP-MAPJBAS" failures="0" tests="1" name="restAssuredChaining.DeleteUser" time="0.953" errors="0" timestamp="2024-08-31T11:30:24 IST" skipped="0">
  <testcase classname="restAssuredChaining.DeleteUser" name="delete" time="0.953"/>
</testsuite> <!-- restAssuredChaining.DeleteUser -->
