<?xml version="1.0" encoding="UTF-8"?>
<!-- Generated by org.testng.reporters.JUnitReportReporter -->
<testsuite hostname="DESKTOP-MAPJBAS" failures="0" tests="1" name="restAssuredChaining.DeleteUser" time="0.682" errors="0" timestamp="2024-08-16T18:57:39 IST" skipped="0">
  <testcase classname="restAssuredChaining.DeleteUser" name="delete" time="0.682"/>
</testsuite> <!-- restAssuredChaining.DeleteUser -->
